\BOOKMARK [0][-]{chapter.1}{INTRODU\307\303O}{}% 1
\BOOKMARK [1][-]{section.1.1}{Justificativa}{chapter.1}% 2
\BOOKMARK [1][-]{section.1.2}{Objetivos}{chapter.1}% 3
\BOOKMARK [2][-]{subsection.1.2.1}{Gerais}{section.1.2}% 4
\BOOKMARK [2][-]{subsection.1.2.2}{Espec\355ficos}{section.1.2}% 5
\BOOKMARK [0][-]{chapter.2}{Fundamenta\347\343o Te\363rica}{}% 6
\BOOKMARK [1][-]{section.2.1}{Sistemas de Tempo Real}{chapter.2}% 7
\BOOKMARK [2][-]{subsection.2.1.1}{Classifica\347\343o}{section.2.1}% 8
\BOOKMARK [2][-]{subsection.2.1.2}{Tarefas de Tempo Real}{section.2.1}% 9
\BOOKMARK [1][-]{section.2.2}{Sistemas Operacionais de Tempo Real}{chapter.2}% 10
\BOOKMARK [2][-]{subsection.2.2.1}{Lat\352ncia}{section.2.2}% 11
\BOOKMARK [2][-]{subsection.2.2.2}{Linux Para Tempo Real}{section.2.2}% 12
\BOOKMARK [2][-]{subsection.2.2.3}{O Patch PREEMPT\137RT}{section.2.2}% 13
\BOOKMARK [2][-]{subsection.2.2.4}{O RTAI}{section.2.2}% 14
\BOOKMARK [0][-]{chapter.3}{Metodologia}{}% 15
\BOOKMARK [1][-]{section.3.1}{Par\342metros e premissas utilizados na Avalia\347\343o}{chapter.3}% 16
\BOOKMARK [1][-]{section.3.2}{O Ambiente de Testes}{chapter.3}% 17
\BOOKMARK [2][-]{subsection.3.2.1}{Instala\347\343o dos Sistemas e Testes Preliminares}{section.3.2}% 18
\BOOKMARK [2][-]{subsection.3.2.2}{Configura\347\343o do Kernel}{section.3.2}% 19
\BOOKMARK [2][-]{subsection.3.2.3}{Erros e Falhas Encontradas}{section.3.2}% 20
\BOOKMARK [1][-]{section.3.3}{Benchmarks}{chapter.3}% 21
\BOOKMARK [0][-]{chapter.4}{RESULTADOS}{}% 22
\BOOKMARK [0][-]{chapter.5}{CONCLUS\325ES}{}% 23
\BOOKMARK [1][-]{section.5.1}{Trabalhos Futuros}{chapter.5}% 24
\BOOKMARK [0][-]{appendix.A}{AP\312NDICE}{}% 25
\BOOKMARK [1][-]{section.A.1}{Ap\352ndice 1}{appendix.A}% 26
